<?xml version="1.0" encoding="UTF-8"?>
<!-- Generated by org.testng.reporters.JUnitReportReporter -->
<testsuite hostname="DESKTOP-N3TQJIK" failures="0" tests="1" name="webload.Login" time="7.279" errors="0" timestamp="2020-01-09T20:11:29 CST" skipped="0">
  <testcase classname="webload.Login" name="LoginPage" time="7.279"/>
</testsuite> <!-- webload.Login -->
